# JRE version: Java(TM) SE Runtime Environment (8.0_102-b14) (build 1.8.0_102-b14)
# Java VM: Java HotSpot(TM) 64-Bit Server VM (25.102-b14 mixed mode bsd-amd64 compressed oops)
Heap:
 PSYoungGen      total 213504K, used 57456K [0x0000000795580000, 0x00000007a8d00000, 0x00000007c0000000)
  eden space 199168K, 24% used [0x0000000795580000,0x0000000798443de8,0x00000007a1800000)
  from space 14336K, 66% used [0x00000007a1800000,0x00000007a21582f0,0x00000007a2600000)
  to   space 14336K, 0% used [0x00000007a7f00000,0x00000007a7f00000,0x00000007a8d00000)
 ParOldGen       total 74240K, used 25800K [0x0000000740000000, 0x0000000744880000, 0x0000000795580000)
  object space 74240K, 34% used [0x0000000740000000,0x0000000741932018,0x0000000744880000)
 Metaspace       used 43172K, capacity 43714K, committed 44248K, reserved 1087488K
  class space    used 5696K, capacity 5841K, committed 5848K, reserved 1048576K
GC Heap History (10 events):
Event: 23.060 GC heap before
{Heap before GC invocations=9 (full 1):
 PSYoungGen      total 74752K, used 66048K [0x0000000795580000, 0x000000079e780000, 0x00000007c0000000)
  eden space 66048K, 100% used [0x0000000795580000,0x0000000799600000,0x0000000799600000)
  from space 8704K, 0% used [0x0000000799600000,0x0000000799600000,0x0000000799e80000)
  to   space 8704K, 0% used [0x000000079df00000,0x000000079df00000,0x000000079e780000)
 ParOldGen       total 47104K, used 8441K [0x0000000740000000, 0x0000000742e00000, 0x0000000795580000)
  object space 47104K, 17% used [0x0000000740000000,0x000000074083e660,0x0000000742e00000)
 Metaspace       used 24423K, capacity 24754K, committed 25088K, reserved 1071104K
  class space    used 3122K, capacity 3204K, committed 3328K, reserved 1048576K
Event: 23.069 GC heap after
Heap after GC invocations=9 (full 1):
 PSYoungGen      total 137216K, used 8701K [0x0000000795580000, 0x000000079e780000, 0x00000007c0000000)
  eden space 128512K, 0% used [0x0000000795580000,0x0000000795580000,0x000000079d300000)
  from space 8704K, 99% used [0x000000079df00000,0x000000079e77f5d0,0x000000079e780000)
  to   space 9728K, 0% used [0x000000079d480000,0x000000079d480000,0x000000079de00000)
 ParOldGen       total 47104K, used 8598K [0x0000000740000000, 0x0000000742e00000, 0x0000000795580000)
  object space 47104K, 18% used [0x0000000740000000,0x0000000740865ae8,0x0000000742e00000)
 Metaspace       used 24423K, capacity 24754K, committed 25088K, reserved 1071104K
  class space    used 3122K, capacity 3204K, committed 3328K, reserved 1048576K
}
Event: 29.504 GC heap before
{Heap before GC invocations=10 (full 1):
 PSYoungGen      total 137216K, used 137213K [0x0000000795580000, 0x000000079e780000, 0x00000007c0000000)
  eden space 128512K, 100% used [0x0000000795580000,0x000000079d300000,0x000000079d300000)
  from space 8704K, 99% used [0x000000079df00000,0x000000079e77f5d0,0x000000079e780000)
  to   space 9728K, 0% used [0x000000079d480000,0x000000079d480000,0x000000079de00000)
 ParOldGen       total 47104K, used 8598K [0x0000000740000000, 0x0000000742e00000, 0x0000000795580000)
  object space 47104K, 18% used [0x0000000740000000,0x0000000740865ae8,0x0000000742e00000)
 Metaspace       used 30766K, capacity 31186K, committed 31616K, reserved 1077248K
  class space    used 4021K, capacity 4131K, committed 4224K, reserved 1048576K
Event: 29.537 GC heap after
Heap after GC invocations=10 (full 1):
 PSYoungGen      total 139776K, used 9727K [0x0000000795580000, 0x00000007a3300000, 0x00000007c0000000)
  eden space 130048K, 0% used [0x0000000795580000,0x0000000795580000,0x000000079d480000)
  from space 9728K, 99% used [0x000000079d480000,0x000000079ddffe30,0x000000079de00000)
  to   space 13312K, 0% used [0x00000007a2600000,0x00000007a2600000,0x00000007a3300000)
 ParOldGen       total 47104K, used 15466K [0x0000000740000000, 0x0000000742e00000, 0x0000000795580000)
  object space 47104K, 32% used [0x0000000740000000,0x0000000740f1a8d0,0x0000000742e00000)
 Metaspace       used 30766K, capacity 31186K, committed 31616K, reserved 1077248K
  class space    used 4021K, capacity 4131K, committed 4224K, reserved 1048576K
}
Event: 30.536 GC heap before
{Heap before GC invocations=11 (full 1):
 PSYoungGen      total 139776K, used 71925K [0x0000000795580000, 0x00000007a3300000, 0x00000007c0000000)
  eden space 130048K, 47% used [0x0000000795580000,0x000000079923d760,0x000000079d480000)
  from space 9728K, 99% used [0x000000079d480000,0x000000079ddffe30,0x000000079de00000)
  to   space 13312K, 0% used [0x00000007a2600000,0x00000007a2600000,0x00000007a3300000)
 ParOldGen       total 47104K, used 15466K [0x0000000740000000, 0x0000000742e00000, 0x0000000795580000)
  object space 47104K, 32% used [0x0000000740000000,0x0000000740f1a8d0,0x0000000742e00000)
 Metaspace       used 34603K, capacity 35060K, committed 35416K, reserved 1079296K
  class space    used 4483K, capacity 4622K, committed 4696K, reserved 1048576K
Event: 30.567 GC heap after
Heap after GC invocations=11 (full 1):
 PSYoungGen      total 212480K, used 12177K [0x0000000795580000, 0x00000007a3800000, 0x00000007c0000000)
  eden space 199168K, 0% used [0x0000000795580000,0x0000000795580000,0x00000007a1800000)
  from space 13312K, 91% used [0x00000007a2600000,0x00000007a31e4688,0x00000007a3300000)
  to   space 14336K, 0% used [0x00000007a1800000,0x00000007a1800000,0x00000007a2600000)
 ParOldGen       total 47104K, used 19359K [0x0000000740000000, 0x0000000742e00000, 0x0000000795580000)
  object space 47104K, 41% used [0x0000000740000000,0x00000007412e7e88,0x0000000742e00000)
 Metaspace       used 34603K, capacity 35060K, committed 35416K, reserved 1079296K
  class space    used 4483K, capacity 4622K, committed 4696K, reserved 1048576K
}
Event: 30.567 GC heap before
{Heap before GC invocations=12 (full 2):
 PSYoungGen      total 212480K, used 12177K [0x0000000795580000, 0x00000007a3800000, 0x00000007c0000000)
  eden space 199168K, 0% used [0x0000000795580000,0x0000000795580000,0x00000007a1800000)
  from space 13312K, 91% used [0x00000007a2600000,0x00000007a31e4688,0x00000007a3300000)
  to   space 14336K, 0% used [0x00000007a1800000,0x00000007a1800000,0x00000007a2600000)
 ParOldGen       total 47104K, used 19359K [0x0000000740000000, 0x0000000742e00000, 0x0000000795580000)
  object space 47104K, 41% used [0x0000000740000000,0x00000007412e7e88,0x0000000742e00000)
 Metaspace       used 34603K, capacity 35060K, committed 35416K, reserved 1079296K
  class space    used 4483K, capacity 4622K, committed 4696K, reserved 1048576K
Event: 30.660 GC heap after
Heap after GC invocations=12 (full 2):
 PSYoungGen      total 212480K, used 0K [0x0000000795580000, 0x00000007a3800000, 0x00000007c0000000)
  eden space 199168K, 0% used [0x0000000795580000,0x0000000795580000,0x00000007a1800000)
  from space 13312K, 0% used [0x00000007a2600000,0x00000007a2600000,0x00000007a3300000)
  to   space 14336K, 0% used [0x00000007a1800000,0x00000007a1800000,0x00000007a2600000)
 ParOldGen       total 74240K, used 25792K [0x0000000740000000, 0x0000000744880000, 0x0000000795580000)
  object space 74240K, 34% used [0x0000000740000000,0x0000000741930018,0x0000000744880000)
 Metaspace       used 34603K, capacity 35060K, committed 35416K, reserved 1079296K
  class space    used 4483K, capacity 4622K, committed 4696K, reserved 1048576K
}
Event: 46.302 GC heap before
{Heap before GC invocations=13 (full 2):
 PSYoungGen      total 212480K, used 199168K [0x0000000795580000, 0x00000007a3800000, 0x00000007c0000000)
  eden space 199168K, 100% used [0x0000000795580000,0x00000007a1800000,0x00000007a1800000)
  from space 13312K, 0% used [0x00000007a2600000,0x00000007a2600000,0x00000007a3300000)
  to   space 14336K, 0% used [0x00000007a1800000,0x00000007a1800000,0x00000007a2600000)
 ParOldGen       total 74240K, used 25792K [0x0000000740000000, 0x0000000744880000, 0x0000000795580000)
  object space 74240K, 34% used [0x0000000740000000,0x0000000741930018,0x0000000744880000)
 Metaspace       used 40960K, capacity 41452K, committed 41944K, reserved 1085440K
  class space    used 5380K, capacity 5502K, committed 5592K, reserved 1048576K
Event: 46.319 GC heap after
Heap after GC invocations=13 (full 2):
 PSYoungGen      total 213504K, used 9568K [0x0000000795580000, 0x00000007a8d00000, 0x00000007c0000000)
  eden space 199168K, 0% used [0x0000000795580000,0x0000000795580000,0x00000007a1800000)
  from space 14336K, 66% used [0x00000007a1800000,0x00000007a21582f0,0x00000007a2600000)
  to   space 14336K, 0% used [0x00000007a7f00000,0x00000007a7f00000,0x00000007a8d00000)
 ParOldGen       total 74240K, used 25800K [0x0000000740000000, 0x0000000744880000, 0x0000000795580000)
  object space 74240K, 34% used [0x0000000740000000,0x0000000741932018,0x0000000744880000)
 Metaspace       used 40960K, capacity 41452K, committed 41944K, reserved 1085440K
  class space    used 5380K, capacity 5502K, committed 5592K, reserved 1048576K
}

